Initial kingdom
[M1+ + F2+] -> []
[M3+ + F4+] -> []
[M5+ + F6+] -> []
[M7+ + F8+] -> []
[M9+ + F10+] -> []
Males: 5
Females: 5
Untouched: 0



Iteration #0
[M1+ + F2+] -> [M11-, M12-, M13-, F14-]
[M3+ + F4+] -> [M15-, M16-, M17-, F18-]
[M5+ + F6+] -> [F19-]
[M7+ + F8+] -> [F20-]
[M9+ + F10+] -> [F21-]
Males: 11
Females: 10
Untouched: 0



Iteration #1
[M11+ + F18+] -> [F22-]
[M12+ + F19+] -> [M23-, F24-]
[M13+ + F20+] -> [F25-]
[F14+ + M15+] -> [M26-, M27-, F28-]
[M16+ + F21+] -> [F29-]
Males: 8
Females: 10
Untouched: 1



Iteration #2
[F22+ + M23+] -> [M30-, F31-]
[F24+ + M26+] -> [F32-]
[F25+ + M27+] -> [M33-, M34-, M35-, M36-, M37-, F38-]
[F28+ + M17+] -> [F39-]
Males: 10
Females: 8
Untouched: 1



Iteration #3
[M30+ + F32+] -> [F40-]
[F31+ + M33+] -> [M41-, M42-, M43-, F44-]
[M34+ + F39+] -> [M45-, M46-, M47-, M48-, M49-, M50-, M51-, F52-]
[M35+ + F29+] -> [F53-]
Males: 14
Females: 8
Untouched: 3



Iteration #4
[F40+ + M41+] -> [F54-]
[M42+ + F52+] -> [F55-]
[M43+ + F53+] -> [M56-, M57-, M58-, M59-, F60-]
[F44+ + M45+] -> [F61-]
[M46+ + F38+] -> [M62-, M63-, M64-, F65-]
Males: 12
Females: 10
Untouched: 7



Iteration #5
[F54+ + M56+] -> [F66-]
[F55+ + M57+] -> [M67-, F68-]
[M58+ + F61+] -> [F69-]
[M59+ + F65+] -> [M70-, F71-]
[F60+ + M62+] -> [F72-]
Males: 7
Females: 10
Untouched: 9



Iteration #6
[F66+ + M67+] -> [M73-, F74-]
[F68+ + M70+] -> [F75-]
[F69+ + M36+] -> [F76-]
[F71+ + M37+] -> [M77-, M78-, F79-]
[F72+ + M47+] -> [M80-, M81-, M82-, M83-, F84-]
Males: 12
Females: 10
Untouched: 6



Iteration #7
[M73+ + F75+] -> [M85-, F86-]
[F74+ + M77+] -> [M87-, M88-, M89-, F90-]
[F76+ + M78+] -> [F91-]
[F79+ + M80+] -> [M92-, F93-]
[F84+ + M48+] -> [M94-, M95-, M96-, M97-, F98-]
Males: 14
Females: 10
Untouched: 8



Iteration #8
[M85+ + F90+] -> [F99-]
[F86+ + M87+] -> [F100-]
[M88+ + F91+] -> [F101-]
[M89+ + F93+] -> [F102-]
[M92+ + F98+] -> [M103-, M104-, M105-, F106-]
Males: 8
Females: 10
Untouched: 12



Iteration #9
[F99+ + M103+] -> [M107-, F108-]
[F100+ + M104+] -> [M109-, F110-]
[F101+ + M105+] -> [F111-]
[F102+ + M49+] -> [M112-, M113-, M114-, M115-, F116-]
[F106+ + M50+] -> [M117-, M118-, F119-]
Males: 13
Females: 10
Untouched: 10



Iteration #10
[M107+ + F110+] -> [M120-, F121-]
[F108+ + M109+] -> [F122-]
[F111+ + M112+] -> [M123-, F124-]
[M113+ + F119+] -> [F125-]
[F116+ + M117+] -> [M126-, F127-]
Males: 8
Females: 10
Untouched: 13



Iteration #11
[M120+ + F122+] -> [M128-, M129-, F130-]
[F121+ + M123+] -> [F131-]
[F124+ + M126+] -> [F132-]
[F125+ + M51+] -> [F133-]
[F127+ + M63+] -> [F134-]
Males: 7
Females: 10
Untouched: 11



Iteration #12
[M128+ + F131+] -> [M135-, M136-, M137-, M138-, F139-]
[M129+ + F132+] -> [M140-, M141-, M142-, F143-]
[F130+ + M64+] -> [F144-]
[F133+ + M81+] -> [F145-]
[F134+ + M82+] -> [F146-]
Males: 12
Females: 10
Untouched: 8



Iteration #13
[M135+ + F143+] -> [M147-, F148-]
[M136+ + F144+] -> [M149-, F150-]
[M137+ + F145+] -> [F151-]
[M138+ + F146+] -> [M152-, F153-]
[F139+ + M140+] -> [F154-]
Males: 8
Females: 10
Untouched: 10



Iteration #14
[M147+ + F150+] -> [F155-]
[F148+ + M149+] -> [F156-]
[F151+ + M152+] -> [F157-]
[F153+ + M83+] -> [M158-, F159-]
[F154+ + M94+] -> [M160-, F161-]
Males: 7
Females: 10
Untouched: 8



Iteration #15
[F155+ + M158+] -> [M162-, F163-]
[F156+ + M160+] -> [M164-, F165-]
[F157+ + M95+] -> [F166-]
[F159+ + M96+] -> [M167-, M168-, M169-, M170-, F171-]
[F161+ + M97+] -> [F172-]
Males: 11
Females: 10
Untouched: 5



Iteration #16
[M162+ + F165+] -> [M173-, M174-, F175-]
[F163+ + M164+] -> [F176-]
[F166+ + M167+] -> [F177-]
[M168+ + F172+] -> [F178-]
[F171+ + M114+] -> [M179-, M180-, F181-]
Males: 9
Females: 10
Untouched: 6



Iteration #17
[M173+ + F176+] -> [M182-, F183-]
[M174+ + F177+] -> [F184-]
[F175+ + M179+] -> [M185-, F186-]
[F178+ + M180+] -> [F187-]
[F181+ + M115+] -> [M188-, F189-]
Males: 8
Females: 10
Untouched: 5



Iteration #18
[M182+ + F184+] -> [F190-]
[F183+ + M185+] -> [F191-]
[F186+ + M188+] -> [M192-, F193-]
[F187+ + M118+] -> [M194-, M195-, M196-, F197-]
[F189+ + M141+] -> [M198-, F199-]
Males: 10
Females: 10
Untouched: 3



Iteration #19
[F190+ + M192+] -> [M200-, F201-]
[F191+ + M194+] -> [M202-, F203-]
[F193+ + M195+] -> [M204-, M205-, F206-]
[M196+ + F199+] -> [F207-]
[F197+ + M198+] -> [M208-, M209-, F210-]
Males: 11
Females: 10
Untouched: 3



Iteration #20
[M200+ + F203+] -> [M211-, F212-]
[F201+ + M202+] -> [F213-]
[M204+ + F207+] -> [M214-, M215-, F216-]
[M205+ + F210+] -> [F217-]
[F206+ + M208+] -> [F218-]
Males: 8
Females: 10
Untouched: 4



Iteration #21
[M211+ + F213+] -> [F219-]
[F212+ + M214+] -> [F220-]
[M215+ + F217+] -> [M221-, F222-]
[F216+ + M142+] -> [F223-]
[F218+ + M169+] -> [F224-]
Males: 6
Females: 10
Untouched: 2



Iteration #22
[F219+ + M221+] -> [F225-]
[F220+ + M170+] -> [M226-, M227-, F228-]
[F222+ + M209+] -> [F229-]
Males: 5
Females: 6
Untouched: 2



Iteration #23
[F225+ + M226+] -> [M230-, F231-]
[M227+ + F229+] -> [F232-]
Males: 3
Females: 4
Untouched: 3



Iteration #24
[M230+ + F232+] -> [M233-, M234-, M235-, M236-, M237-, F238-]
Males: 6
Females: 2
Untouched: 4



Iteration #25
[M233+ + F223+] -> [F239-]
[M234+ + F224+] -> [F240-]
[M235+ + F228+] -> [F241-]
[M236+ + F231+] -> [F242-]
Males: 4
Females: 8
Untouched: 2



Iteration #26
[F239+ + M237+] -> [F243-]
Males: 1
Females: 2
Untouched: 4



Iteration #27
Males: 0
Females: 0
Untouched: 5
